<?xml version="1.0" encoding="UTF-8"?>
<testng-results ignored="0" total="1" passed="1" failed="0" skipped="0">
  <reporter-output>
  </reporter-output>
  <suite started-at="2019-12-10T11:03:41Z" name="Suite" finished-at="2019-12-10T11:03:48Z" duration-ms="6759">
    <groups>
    </groups>
    <test started-at="2019-12-10T11:03:41Z" name="Test" finished-at="2019-12-10T11:03:48Z" duration-ms="6759">
      <class name="tests.First">
        <test-method is-config="true" signature="beforeClass()[pri:0, instance:tests.First@2a40cd94]" started-at="2019-12-10T16:33:41Z" name="beforeClass" finished-at="2019-12-10T16:33:44Z" duration-ms="2869" status="PASS">
          <reporter-output>
          </reporter-output>
        </test-method> <!-- beforeClass -->
        <test-method signature="openMyBlog()[pri:0, instance:tests.First@2a40cd94]" started-at="2019-12-10T16:33:44Z" name="openMyBlog" finished-at="2019-12-10T16:33:47Z" duration-ms="2817" status="PASS">
          <reporter-output>
          </reporter-output>
        </test-method> <!-- openMyBlog -->
        <test-method is-config="true" signature="afterClass()[pri:0, instance:tests.First@2a40cd94]" started-at="2019-12-10T16:33:47Z" name="afterClass" finished-at="2019-12-10T16:33:48Z" duration-ms="1062" status="PASS">
          <reporter-output>
          </reporter-output>
        </test-method> <!-- afterClass -->
      </class> <!-- tests.First -->
    </test> <!-- Test -->
  </suite> <!-- Suite -->
</testng-results>
